0 info it worked if it ends with ok
1 verbose cli [ '/usr/local/bin/node', '/usr/local/bin/npm', 'start' ]
2 info using npm@3.6.0
3 info using node@v5.7.0
4 verbose run-script [ 'prestart', 'start', 'poststart' ]
5 info lifecycle my-app@0.1.0~prestart: my-app@0.1.0
6 silly lifecycle my-app@0.1.0~prestart: no script for prestart, continuing
7 info lifecycle my-app@0.1.0~start: my-app@0.1.0
8 verbose lifecycle my-app@0.1.0~start: unsafe-perm in lifecycle true
9 verbose lifecycle my-app@0.1.0~start: PATH: /usr/local/lib/node_modules/npm/bin/node-gyp-bin:/Users/timothygardner/code/wdi-xfiles/WDI-xfiles-instructors/u4/d03/more_react/my-app/node_modules/.bin:/Users/timothygardner/.rvm/gems/ruby-2.2.4/bin:/Users/timothygardner/.rvm/gems/ruby-2.2.4@global/bin:/Users/timothygardner/.rvm/rubies/ruby-2.2.4/bin:/usr/local/var/rbenv/shims:/Users/timothygardner/bin:/Library/Java/JavaVirtualMachines/jdk1.8.0_74.jdk/Contents/Home/bin:/Users/timothygardner/weird-little-programs/onpath:/Users/timothygardner/bin:/usr/local/bin:/usr/local/sbin:/usr/local/mysql/bin:/usr/local/share/npm/bin:/usr/local/bin:/usr/bin:/bin:/usr/sbin:/sbin:/opt/X11/bin:/usr/local/go/bin:/Library/Frameworks/Mono.framework/Versions/Current/Commands:/usr/texbin:/usr/local/bin:/usr/local/bin:/usr/bin:/bin:/usr/sbin:/sbin:/opt/X11/bin:/usr/local/go/bin:/Library/Frameworks/Mono.framework/Versions/Current/Commands:/usr/texbin:/Users/timothygardner/.rvm/bin
10 verbose lifecycle my-app@0.1.0~start: CWD: /Users/timothygardner/code/wdi-xfiles/WDI-xfiles-instructors/u4/d03/more_react/my-app
11 silly lifecycle my-app@0.1.0~start: Args: [ '-c', 'react-scripts start' ]
12 silly lifecycle my-app@0.1.0~start: Returned: code: 1  signal: null
13 info lifecycle my-app@0.1.0~start: Failed to exec start script
14 verbose stack Error: my-app@0.1.0 start: `react-scripts start`
14 verbose stack Exit status 1
14 verbose stack     at EventEmitter.<anonymous> (/usr/local/lib/node_modules/npm/lib/utils/lifecycle.js:232:16)
14 verbose stack     at emitTwo (events.js:100:13)
14 verbose stack     at EventEmitter.emit (events.js:185:7)
14 verbose stack     at ChildProcess.<anonymous> (/usr/local/lib/node_modules/npm/lib/utils/spawn.js:24:14)
14 verbose stack     at emitTwo (events.js:100:13)
14 verbose stack     at ChildProcess.emit (events.js:185:7)
14 verbose stack     at maybeClose (internal/child_process.js:827:16)
14 verbose stack     at Process.ChildProcess._handle.onexit (internal/child_process.js:211:5)
15 verbose pkgid my-app@0.1.0
16 verbose cwd /Users/timothygardner/code/wdi-xfiles/WDI-xfiles-instructors/u4/d03/more_react/my-app
17 error Darwin 14.5.0
18 error argv "/usr/local/bin/node" "/usr/local/bin/npm" "start"
19 error node v5.7.0
20 error npm  v3.6.0
21 error code ELIFECYCLE
22 error my-app@0.1.0 start: `react-scripts start`
22 error Exit status 1
23 error Failed at the my-app@0.1.0 start script 'react-scripts start'.
23 error Make sure you have the latest version of node.js and npm installed.
23 error If you do, this is most likely a problem with the my-app package,
23 error not with npm itself.
23 error Tell the author that this fails on your system:
23 error     react-scripts start
23 error You can get information on how to open an issue for this project with:
23 error     npm bugs my-app
23 error Or if that isn't available, you can get their info via:
23 error     npm owner ls my-app
23 error There is likely additional logging output above.
24 verbose exit [ 1, true ]
