0 info it worked if it ends with ok
1 verbose cli [ '/usr/local/bin/node', '/Users/bryan/.node/bin/npm', 'start' ]
2 info using npm@3.5.0
3 info using node@v6.9.2
4 verbose stack Error: missing script: start
4 verbose stack     at run (/Users/bryan/.node/lib/node_modules/npm/lib/run-script.js:147:19)
4 verbose stack     at /Users/bryan/.node/lib/node_modules/npm/lib/run-script.js:57:5
4 verbose stack     at /Users/bryan/.node/lib/node_modules/npm/node_modules/read-package-json/read-json.js:345:5
4 verbose stack     at checkBinReferences_ (/Users/bryan/.node/lib/node_modules/npm/node_modules/read-package-json/read-json.js:309:45)
4 verbose stack     at final (/Users/bryan/.node/lib/node_modules/npm/node_modules/read-package-json/read-json.js:343:3)
4 verbose stack     at then (/Users/bryan/.node/lib/node_modules/npm/node_modules/read-package-json/read-json.js:113:5)
4 verbose stack     at ReadFileContext.<anonymous> (/Users/bryan/.node/lib/node_modules/npm/node_modules/read-package-json/read-json.js:284:20)
4 verbose stack     at ReadFileContext.callback (/Users/bryan/.node/lib/node_modules/npm/node_modules/graceful-fs/graceful-fs.js:76:16)
4 verbose stack     at FSReqWrap.readFileAfterOpen [as oncomplete] (fs.js:365:13)
5 verbose cwd /Users/bryan/code/xfiles/lessons/js_testing/lab
6 error Darwin 15.6.0
7 error argv "/usr/local/bin/node" "/Users/bryan/.node/bin/npm" "start"
8 error node v6.9.2
9 error npm  v3.5.0
10 error missing script: start
11 error If you need help, you may report this error at:
11 error     <https://github.com/npm/npm/issues>
12 verbose exit [ 1, true ]
